Using pre-set license
Built from '2020.3/staging' branch; Version is '2020.3.11f1 (99c7afb366b3) revision 10078127'; Using compiler version '192528614'; Build Type 'Release'
OS: 'Windows 7  (6.1.0) 64bit' Language: 'ru' Physical Memory: 6005 MB
BatchMode: 1, IsHumanControllingUs: 0, StartBugReporterOnCrash: 0, Is64bit: 1, IsPro: 0

 COMMAND LINE ARGUMENTS:
C:\Program Files\Unity\Hub\Editor\2020.3.11f1\Editor\Unity.exe
-adb2
-batchMode
-noUpm
-name
AssetImportWorker0
-projectPath
D:/Vadim/Work/Study/Unity/FlappyBird/FlappyBird
-logFile
Logs/AssetImportWorker0.log
-srvPort
49251
Successfully changed project path to: D:/Vadim/Work/Study/Unity/FlappyBird/FlappyBird
D:/Vadim/Work/Study/Unity/FlappyBird/FlappyBird
Using Asset Import Pipeline V2.
Refreshing native plugins compatible for Editor in 73.68 ms, found 3 plugins.
Preloading 0 native plugins for Editor in 0.00 ms.
Initialize engine version: 2020.3.11f1 (99c7afb366b3)
[Subsystems] Discovering subsystems at path C:/Program Files/Unity/Hub/Editor/2020.3.11f1/Editor/Data/Resources/UnitySubsystems
[Subsystems] Discovering subsystems at path D:/Vadim/Work/Study/Unity/FlappyBird/FlappyBird/Assets
GfxDevice: creating device client; threaded=0
d3d11: CreateDXGIFactory2(...) not found, fallbacking to CreateDXGIFactory1(...).
d3d11: QueryInterface(IDXGIFactory5) failed (80004002).
Direct3D:
    Version:  Direct3D 11.0 [level 11.0]
    Renderer: NVIDIA GeForce GT 740M (ID=0x1292)
    Vendor:   
    VRAM:     1986 MB
    Driver:   25.21.14.2531
Initialize mono
Mono path[0] = 'C:/Program Files/Unity/Hub/Editor/2020.3.11f1/Editor/Data/Managed'
Mono path[1] = 'C:/Program Files/Unity/Hub/Editor/2020.3.11f1/Editor/Data/MonoBleedingEdge/lib/mono/unityjit'
Mono config path = 'C:/Program Files/Unity/Hub/Editor/2020.3.11f1/Editor/Data/MonoBleedingEdge/etc'
Using monoOptions --debugger-agent=transport=dt_socket,embedding=1,server=y,suspend=n,address=127.0.0.1:56204
Begin MonoManager ReloadAssembly
Registering precompiled unity dll's ...
Register platform support module: C:/Program Files/Unity/Hub/Editor/2020.3.11f1/Editor/Data/PlaybackEngines/WindowsStandaloneSupport/UnityEditor.WindowsStandalone.Extensions.dll
Registered in 0.004907 seconds.
Native extension for WindowsStandalone target not found
Refreshing native plugins compatible for Editor in 83.61 ms, found 3 plugins.
Preloading 0 native plugins for Editor in 0.00 ms.
Mono: successfully reloaded assembly
- Completed reload, in  3.222 seconds
Platform modules already initialized, skipping
Registering precompiled user dll's ...
Registered in 0.004616 seconds.
Begin MonoManager ReloadAssembly
Native extension for WindowsStandalone target not found
Refreshing native plugins compatible for Editor in 87.77 ms, found 3 plugins.
Preloading 0 native plugins for Editor in 0.00 ms.
Mono: successfully reloaded assembly
- Completed reload, in  1.935 seconds
Platform modules already initialized, skipping
========================================================================
Worker process is ready to serve import requests
Launched and connected shader compiler UnityShaderCompiler.exe after 0.04 seconds
Refreshing native plugins compatible for Editor in 1.13 ms, found 3 plugins.
Preloading 0 native plugins for Editor in 0.00 ms.
Unloading 2391 Unused Serialized files (Serialized files now loaded: 0)
System memory in use before: 105.6 MB.
System memory in use after: 105.7 MB.

Unloading 35 unused Assets to reduce memory usage. Loaded Objects now: 2827.
Total: 4.252835 ms (FindLiveObjects: 0.477625 ms CreateObjectMapping: 0.186313 ms MarkObjects: 3.402189 ms  DeleteObjects: 0.183945 ms)

========================================================================
Received Import Request.
  path: Assets/Textures/atlas.png
  artifactKey: Guid(e239c7bfc74b91a4e87c3d948aaeac64) Importer(815301076,1909f56bfc062723c751e8b465ee728b)
Start importing Assets/Textures/atlas.png using Guid(e239c7bfc74b91a4e87c3d948aaeac64) Importer(815301076,1909f56bfc062723c751e8b465ee728b)  -> (artifact id: '6547cd7c3367cafc505acc1d29b793fc') in 0.182894 seconds
  Import took 0.188260 seconds .

========================================================================
Received Import Request.
  Time since last request: 26.062953 seconds.
  path: Assets/Textures/atlas.png
  artifactKey: Guid(e239c7bfc74b91a4e87c3d948aaeac64) Importer(815301076,1909f56bfc062723c751e8b465ee728b)
Start importing Assets/Textures/atlas.png using Guid(e239c7bfc74b91a4e87c3d948aaeac64) Importer(815301076,1909f56bfc062723c751e8b465ee728b)  -> (artifact id: '4695bd032d879217574d6003dd30a5bb') in 0.051358 seconds
  Import took 0.058252 seconds .

========================================================================
Received Import Request.
  Time since last request: 404.092263 seconds.
  path: Assets/Scenes/SampleScene.unity
  artifactKey: Guid(2cda990e2423bbf4892e6590ba056729) Importer(815301076,1909f56bfc062723c751e8b465ee728b)
Start importing Assets/Scenes/SampleScene.unity using Guid(2cda990e2423bbf4892e6590ba056729) Importer(815301076,1909f56bfc062723c751e8b465ee728b)  -> (artifact id: 'c77b40508163189ca0c429e70331fa4d') in 0.006260 seconds
  Import took 0.016841 seconds .

========================================================================
Received Import Request.
  Time since last request: 15.623574 seconds.
  path: Assets/Scenes/FlappyBird.unity
  artifactKey: Guid(2cda990e2423bbf4892e6590ba056729) Importer(815301076,1909f56bfc062723c751e8b465ee728b)
Start importing Assets/Scenes/FlappyBird.unity using Guid(2cda990e2423bbf4892e6590ba056729) Importer(815301076,1909f56bfc062723c751e8b465ee728b)  -> (artifact id: '599fe2d1fe3faaf87af51ba7054369c9') in 0.003157 seconds
  Import took 0.009539 seconds .

========================================================================
Received Import Request.
  Time since last request: 959.443248 seconds.
  path: Assets/Textures/atlas.png
  artifactKey: Guid(e239c7bfc74b91a4e87c3d948aaeac64) Importer(815301076,1909f56bfc062723c751e8b465ee728b)
Start importing Assets/Textures/atlas.png using Guid(e239c7bfc74b91a4e87c3d948aaeac64) Importer(815301076,1909f56bfc062723c751e8b465ee728b)  -> (artifact id: '6ca6cdcb31e4168da9a3f126a8a99829') in 0.064718 seconds
  Import took 0.070552 seconds .

========================================================================
Received Import Request.
  Time since last request: 339.003261 seconds.
  path: Assets/Textures/atlas.png
  artifactKey: Guid(e239c7bfc74b91a4e87c3d948aaeac64) Importer(815301076,1909f56bfc062723c751e8b465ee728b)
Start importing Assets/Textures/atlas.png using Guid(e239c7bfc74b91a4e87c3d948aaeac64) Importer(815301076,1909f56bfc062723c751e8b465ee728b)  -> (artifact id: 'eaee8571d2f2ec72c9841fef9705d74f') in 0.038682 seconds
  Import took 0.044160 seconds .

========================================================================
Received Prepare
Registering precompiled user dll's ...
Registered in 0.102644 seconds.
Begin MonoManager ReloadAssembly
Native extension for WindowsStandalone target not found
Refreshing native plugins compatible for Editor in 0.65 ms, found 3 plugins.
Preloading 0 native plugins for Editor in 0.00 ms.
Mono: successfully reloaded assembly
- Completed reload, in  1.611 seconds
Platform modules already initialized, skipping
Refreshing native plugins compatible for Editor in 1.29 ms, found 3 plugins.
Preloading 0 native plugins for Editor in 0.00 ms.
Unloading 2373 Unused Serialized files (Serialized files now loaded: 0)
System memory in use before: 107.5 MB.
System memory in use after: 107.6 MB.

Unloading 21 unused Assets to reduce memory usage. Loaded Objects now: 2850.
Total: 111.915003 ms (FindLiveObjects: 0.639070 ms CreateObjectMapping: 0.264075 ms MarkObjects: 110.688178 ms  DeleteObjects: 0.319732 ms)

AssetImportWorkerClient::OnTransportError - code=2 error=End of file
