Using pre-set license
Built from '2020.3/staging' branch; Version is '2020.3.11f1 (99c7afb366b3) revision 10078127'; Using compiler version '192528614'; Build Type 'Release'
OS: 'Windows 7  (6.1.0) 64bit' Language: 'ru' Physical Memory: 6005 MB
BatchMode: 1, IsHumanControllingUs: 0, StartBugReporterOnCrash: 0, Is64bit: 1, IsPro: 0

 COMMAND LINE ARGUMENTS:
C:\Program Files\Unity\Hub\Editor\2020.3.11f1\Editor\Unity.exe
-adb2
-batchMode
-noUpm
-name
AssetImportWorker0
-projectPath
D:/Vadim/Work/Study/Unity/FlappyBird/FlappyBird
-logFile
Logs/AssetImportWorker0.log
-srvPort
60400
Successfully changed project path to: D:/Vadim/Work/Study/Unity/FlappyBird/FlappyBird
D:/Vadim/Work/Study/Unity/FlappyBird/FlappyBird
Using Asset Import Pipeline V2.
Refreshing native plugins compatible for Editor in 70.52 ms, found 3 plugins.
Preloading 0 native plugins for Editor in 0.00 ms.
Initialize engine version: 2020.3.11f1 (99c7afb366b3)
[Subsystems] Discovering subsystems at path C:/Program Files/Unity/Hub/Editor/2020.3.11f1/Editor/Data/Resources/UnitySubsystems
[Subsystems] Discovering subsystems at path D:/Vadim/Work/Study/Unity/FlappyBird/FlappyBird/Assets
GfxDevice: creating device client; threaded=0
d3d11: CreateDXGIFactory2(...) not found, fallbacking to CreateDXGIFactory1(...).
d3d11: QueryInterface(IDXGIFactory5) failed (80004002).
Direct3D:
    Version:  Direct3D 11.0 [level 11.0]
    Renderer: NVIDIA GeForce GT 740M (ID=0x1292)
    Vendor:   
    VRAM:     1986 MB
    Driver:   25.21.14.2531
Initialize mono
Mono path[0] = 'C:/Program Files/Unity/Hub/Editor/2020.3.11f1/Editor/Data/Managed'
Mono path[1] = 'C:/Program Files/Unity/Hub/Editor/2020.3.11f1/Editor/Data/MonoBleedingEdge/lib/mono/unityjit'
Mono config path = 'C:/Program Files/Unity/Hub/Editor/2020.3.11f1/Editor/Data/MonoBleedingEdge/etc'
Using monoOptions --debugger-agent=transport=dt_socket,embedding=1,server=y,suspend=n,address=127.0.0.1:56720
Begin MonoManager ReloadAssembly
Registering precompiled unity dll's ...
Register platform support module: C:/Program Files/Unity/Hub/Editor/2020.3.11f1/Editor/Data/PlaybackEngines/WindowsStandaloneSupport/UnityEditor.WindowsStandalone.Extensions.dll
Registered in 0.002846 seconds.
Native extension for WindowsStandalone target not found
Refreshing native plugins compatible for Editor in 119.41 ms, found 3 plugins.
Preloading 0 native plugins for Editor in 0.00 ms.
Mono: successfully reloaded assembly
- Completed reload, in  3.539 seconds
Platform modules already initialized, skipping
Registering precompiled user dll's ...
Registered in 0.005608 seconds.
Begin MonoManager ReloadAssembly
Native extension for WindowsStandalone target not found
Refreshing native plugins compatible for Editor in 110.11 ms, found 3 plugins.
Preloading 0 native plugins for Editor in 0.00 ms.
Mono: successfully reloaded assembly
- Completed reload, in  2.326 seconds
Platform modules already initialized, skipping
========================================================================
Worker process is ready to serve import requests
Launched and connected shader compiler UnityShaderCompiler.exe after 0.05 seconds
Refreshing native plugins compatible for Editor in 1.03 ms, found 3 plugins.
Preloading 0 native plugins for Editor in 0.00 ms.
Unloading 2391 Unused Serialized files (Serialized files now loaded: 0)
System memory in use before: 105.6 MB.
System memory in use after: 105.6 MB.

Unloading 35 unused Assets to reduce memory usage. Loaded Objects now: 2827.
Total: 5.403498 ms (FindLiveObjects: 0.470916 ms CreateObjectMapping: 0.169735 ms MarkObjects: 4.494428 ms  DeleteObjects: 0.266050 ms)

========================================================================
Received Import Request.
  path: Assets/Scripts/GameManager.cs
  artifactKey: Guid(d303ee21c665865489e068ea8463dafb) Importer(815301076,1909f56bfc062723c751e8b465ee728b)
Start importing Assets/Scripts/GameManager.cs using Guid(d303ee21c665865489e068ea8463dafb) Importer(815301076,1909f56bfc062723c751e8b465ee728b)  -> (artifact id: '1fc366eed3622315ed856704bdcd3bc0') in 0.096340 seconds
  Import took 0.103072 seconds .

========================================================================
Received Prepare
Registering precompiled user dll's ...
Registered in 0.143198 seconds.
Begin MonoManager ReloadAssembly
Native extension for WindowsStandalone target not found
Refreshing native plugins compatible for Editor in 0.67 ms, found 3 plugins.
Preloading 0 native plugins for Editor in 0.00 ms.
Mono: successfully reloaded assembly
- Completed reload, in  1.589 seconds
Platform modules already initialized, skipping
Refreshing native plugins compatible for Editor in 1.45 ms, found 3 plugins.
Preloading 0 native plugins for Editor in 0.00 ms.
Unloading 2373 Unused Serialized files (Serialized files now loaded: 0)
System memory in use before: 104.5 MB.
System memory in use after: 104.6 MB.

Unloading 21 unused Assets to reduce memory usage. Loaded Objects now: 2831.
Total: 4.409955 ms (FindLiveObjects: 0.335128 ms CreateObjectMapping: 0.163025 ms MarkObjects: 3.737331 ms  DeleteObjects: 0.172104 ms)

========================================================================
Received Import Request.
  Time since last request: 802.829179 seconds.
  path: Assets/Scripts/LevelManager.cs
  artifactKey: Guid(0f238db83ad8d53479d097b02256a76f) Importer(815301076,1909f56bfc062723c751e8b465ee728b)
Start importing Assets/Scripts/LevelManager.cs using Guid(0f238db83ad8d53479d097b02256a76f) Importer(815301076,1909f56bfc062723c751e8b465ee728b)  -> (artifact id: '8a2f2d80a3404054b4778777b3de4842') in 0.012585 seconds
  Import took 0.022206 seconds .

========================================================================
Received Prepare
Registering precompiled user dll's ...
Registered in 0.008378 seconds.
Begin MonoManager ReloadAssembly
Native extension for WindowsStandalone target not found
Refreshing native plugins compatible for Editor in 0.66 ms, found 3 plugins.
Preloading 0 native plugins for Editor in 0.00 ms.
Mono: successfully reloaded assembly
- Completed reload, in  1.779 seconds
Platform modules already initialized, skipping
Refreshing native plugins compatible for Editor in 0.72 ms, found 3 plugins.
Preloading 0 native plugins for Editor in 0.00 ms.
Unloading 2374 Unused Serialized files (Serialized files now loaded: 0)
System memory in use before: 104.6 MB.
System memory in use after: 104.7 MB.

Unloading 21 unused Assets to reduce memory usage. Loaded Objects now: 2836.
Total: 3.515885 ms (FindLiveObjects: 0.331576 ms CreateObjectMapping: 0.178814 ms MarkObjects: 2.852340 ms  DeleteObjects: 0.150393 ms)

========================================================================
Received Import Request.
  Time since last request: 515.523452 seconds.
  path: Assets/Scripts/LevelManager.cs
  artifactKey: Guid(0f238db83ad8d53479d097b02256a76f) Importer(815301076,1909f56bfc062723c751e8b465ee728b)
Start importing Assets/Scripts/LevelManager.cs using Guid(0f238db83ad8d53479d097b02256a76f) Importer(815301076,1909f56bfc062723c751e8b465ee728b)  -> (artifact id: 'ace077bda1fbe589ef05a4f4848f3c65') in 0.025792 seconds
  Import took 0.031476 seconds .

========================================================================
Received Import Request.
  Time since last request: 0.032885 seconds.
  path: Assets/Scripts/LevelManager.cs
  artifactKey: Guid(0f238db83ad8d53479d097b02256a76f) Importer(815301076,1909f56bfc062723c751e8b465ee728b)
Start importing Assets/Scripts/LevelManager.cs using Guid(0f238db83ad8d53479d097b02256a76f) Importer(815301076,1909f56bfc062723c751e8b465ee728b)  -> (artifact id: 'ace077bda1fbe589ef05a4f4848f3c65') in 0.007492 seconds
  Import took 0.017982 seconds .

========================================================================
Received Prepare
Registering precompiled user dll's ...
Registered in 0.270882 seconds.
Begin MonoManager ReloadAssembly
Native extension for WindowsStandalone target not found
Refreshing native plugins compatible for Editor in 0.81 ms, found 3 plugins.
Preloading 0 native plugins for Editor in 0.00 ms.
Mono: successfully reloaded assembly
- Completed reload, in  1.582 seconds
Platform modules already initialized, skipping
Refreshing native plugins compatible for Editor in 1.42 ms, found 3 plugins.
Preloading 0 native plugins for Editor in 0.00 ms.
Unloading 2374 Unused Serialized files (Serialized files now loaded: 0)
System memory in use before: 104.6 MB.
System memory in use after: 104.7 MB.

Unloading 21 unused Assets to reduce memory usage. Loaded Objects now: 2840.
Total: 3.990354 ms (FindLiveObjects: 0.287366 ms CreateObjectMapping: 0.137762 ms MarkObjects: 3.394702 ms  DeleteObjects: 0.168156 ms)

========================================================================
Received Prepare
Registering precompiled user dll's ...
Registered in 0.003634 seconds.
Begin MonoManager ReloadAssembly
Native extension for WindowsStandalone target not found
Refreshing native plugins compatible for Editor in 0.66 ms, found 3 plugins.
Preloading 0 native plugins for Editor in 0.00 ms.
Mono: successfully reloaded assembly
- Completed reload, in  1.718 seconds
Platform modules already initialized, skipping
Refreshing native plugins compatible for Editor in 1.01 ms, found 3 plugins.
Preloading 0 native plugins for Editor in 0.00 ms.
Unloading 2374 Unused Serialized files (Serialized files now loaded: 0)
System memory in use before: 104.6 MB.
System memory in use after: 104.7 MB.

Unloading 21 unused Assets to reduce memory usage. Loaded Objects now: 2844.
Total: 4.151800 ms (FindLiveObjects: 0.270787 ms CreateObjectMapping: 0.144077 ms MarkObjects: 3.511543 ms  DeleteObjects: 0.223419 ms)

========================================================================
Received Prepare
Registering precompiled user dll's ...
Registered in 0.003695 seconds.
Begin MonoManager ReloadAssembly
Native extension for WindowsStandalone target not found
Refreshing native plugins compatible for Editor in 1.05 ms, found 3 plugins.
Preloading 0 native plugins for Editor in 0.00 ms.
Mono: successfully reloaded assembly
- Completed reload, in  1.728 seconds
Platform modules already initialized, skipping
Refreshing native plugins compatible for Editor in 0.69 ms, found 3 plugins.
Preloading 0 native plugins for Editor in 0.00 ms.
Unloading 2374 Unused Serialized files (Serialized files now loaded: 0)
System memory in use before: 104.5 MB.
System memory in use after: 104.6 MB.

Unloading 21 unused Assets to reduce memory usage. Loaded Objects now: 2848.
Total: 3.721541 ms (FindLiveObjects: 0.288550 ms CreateObjectMapping: 0.140130 ms MarkObjects: 3.129047 ms  DeleteObjects: 0.161840 ms)

========================================================================
Received Prepare
Registering precompiled user dll's ...
Registered in 0.003815 seconds.
Begin MonoManager ReloadAssembly
Native extension for WindowsStandalone target not found
Refreshing native plugins compatible for Editor in 0.66 ms, found 3 plugins.
Preloading 0 native plugins for Editor in 0.00 ms.
Mono: successfully reloaded assembly
- Completed reload, in  1.643 seconds
Platform modules already initialized, skipping
Refreshing native plugins compatible for Editor in 0.66 ms, found 3 plugins.
Preloading 0 native plugins for Editor in 0.00 ms.
Unloading 2374 Unused Serialized files (Serialized files now loaded: 0)
System memory in use before: 104.7 MB.
System memory in use after: 104.7 MB.

Unloading 21 unused Assets to reduce memory usage. Loaded Objects now: 2852.
Total: 3.197336 ms (FindLiveObjects: 0.263287 ms CreateObjectMapping: 0.138551 ms MarkObjects: 2.641552 ms  DeleteObjects: 0.152762 ms)

========================================================================
Received Prepare
Registering precompiled user dll's ...
Registered in 0.004779 seconds.
Begin MonoManager ReloadAssembly
Native extension for WindowsStandalone target not found
Refreshing native plugins compatible for Editor in 0.91 ms, found 3 plugins.
Preloading 0 native plugins for Editor in 0.00 ms.
Mono: successfully reloaded assembly
- Completed reload, in  1.917 seconds
Platform modules already initialized, skipping
Refreshing native plugins compatible for Editor in 0.74 ms, found 3 plugins.
Preloading 0 native plugins for Editor in 0.00 ms.
Unloading 2374 Unused Serialized files (Serialized files now loaded: 0)
System memory in use before: 104.7 MB.
System memory in use after: 104.8 MB.

Unloading 21 unused Assets to reduce memory usage. Loaded Objects now: 2856.
Total: 4.079959 ms (FindLiveObjects: 0.283023 ms CreateObjectMapping: 0.143683 ms MarkObjects: 3.461807 ms  DeleteObjects: 0.189077 ms)

========================================================================
Received Import Request.
  Time since last request: 347.491869 seconds.
  path: Assets/Prefabs
  artifactKey: Guid(1c0d43a03214d954b9990ad236f5febe) Importer(815301076,1909f56bfc062723c751e8b465ee728b)
Start importing Assets/Prefabs using Guid(1c0d43a03214d954b9990ad236f5febe) Importer(815301076,1909f56bfc062723c751e8b465ee728b)  -> (artifact id: '2b10afbfad382bd6729c641ea333353e') in 0.011674 seconds
  Import took 0.019267 seconds .

========================================================================
Received Import Request.
  Time since last request: 18.531685 seconds.
  path: Assets/Prefabs/pipe.prefab
  artifactKey: Guid(5098578ec76749743b5488ef11010f9b) Importer(815301076,1909f56bfc062723c751e8b465ee728b)
Start importing Assets/Prefabs/pipe.prefab using Guid(5098578ec76749743b5488ef11010f9b) Importer(815301076,1909f56bfc062723c751e8b465ee728b)  -> (artifact id: '78386e1bd7859615be418b0a24e73733') in 0.427008 seconds
  Import took 0.432509 seconds .

========================================================================
Received Import Request.
  Time since last request: 125.681338 seconds.
  path: Assets/Prefabs/Pipe.prefab
  artifactKey: Guid(5098578ec76749743b5488ef11010f9b) Importer(815301076,1909f56bfc062723c751e8b465ee728b)
Start importing Assets/Prefabs/Pipe.prefab using Guid(5098578ec76749743b5488ef11010f9b) Importer(815301076,1909f56bfc062723c751e8b465ee728b)  -> (artifact id: 'bb1addefc7defc26832d404f502e3e5d') in 0.034803 seconds
  Import took 0.045444 seconds .

========================================================================
Received Prepare
Registering precompiled user dll's ...
Registered in 0.028427 seconds.
Begin MonoManager ReloadAssembly
Native extension for WindowsStandalone target not found
Refreshing native plugins compatible for Editor in 0.82 ms, found 3 plugins.
Preloading 0 native plugins for Editor in 0.00 ms.
Mono: successfully reloaded assembly
- Completed reload, in  1.897 seconds
Platform modules already initialized, skipping
Refreshing native plugins compatible for Editor in 0.84 ms, found 3 plugins.
Preloading 0 native plugins for Editor in 0.00 ms.
Unloading 2374 Unused Serialized files (Serialized files now loaded: 0)
System memory in use before: 107.7 MB.
System memory in use after: 107.7 MB.

Unloading 21 unused Assets to reduce memory usage. Loaded Objects now: 2867.
Total: 4.355482 ms (FindLiveObjects: 0.262103 ms CreateObjectMapping: 0.128683 ms MarkObjects: 3.693120 ms  DeleteObjects: 0.269603 ms)

========================================================================
Received Prepare
Registering precompiled user dll's ...
Registered in 0.004875 seconds.
Begin MonoManager ReloadAssembly
Native extension for WindowsStandalone target not found
Refreshing native plugins compatible for Editor in 0.71 ms, found 3 plugins.
Preloading 0 native plugins for Editor in 0.00 ms.
Mono: successfully reloaded assembly
- Completed reload, in  1.741 seconds
Platform modules already initialized, skipping
Refreshing native plugins compatible for Editor in 0.70 ms, found 3 plugins.
Preloading 0 native plugins for Editor in 0.00 ms.
Unloading 2374 Unused Serialized files (Serialized files now loaded: 0)
System memory in use before: 107.7 MB.
System memory in use after: 107.7 MB.

Unloading 21 unused Assets to reduce memory usage. Loaded Objects now: 2871.
Total: 3.293651 ms (FindLiveObjects: 0.285392 ms CreateObjectMapping: 0.137367 ms MarkObjects: 2.712209 ms  DeleteObjects: 0.156709 ms)

========================================================================
Received Prepare
Registering precompiled user dll's ...
Registered in 0.003722 seconds.
Begin MonoManager ReloadAssembly
Native extension for WindowsStandalone target not found
Refreshing native plugins compatible for Editor in 0.67 ms, found 3 plugins.
Preloading 0 native plugins for Editor in 0.00 ms.
Mono: successfully reloaded assembly
- Completed reload, in  1.709 seconds
Platform modules already initialized, skipping
Refreshing native plugins compatible for Editor in 0.67 ms, found 3 plugins.
Preloading 0 native plugins for Editor in 0.00 ms.
Unloading 2374 Unused Serialized files (Serialized files now loaded: 0)
System memory in use before: 107.6 MB.
System memory in use after: 107.7 MB.

Unloading 21 unused Assets to reduce memory usage. Loaded Objects now: 2875.
Total: 3.308256 ms (FindLiveObjects: 0.264866 ms CreateObjectMapping: 0.131051 ms MarkObjects: 2.757998 ms  DeleteObjects: 0.152762 ms)

========================================================================
Received Prepare
Registering precompiled user dll's ...
Registered in 0.003723 seconds.
Begin MonoManager ReloadAssembly
Native extension for WindowsStandalone target not found
Refreshing native plugins compatible for Editor in 0.66 ms, found 3 plugins.
Preloading 0 native plugins for Editor in 0.00 ms.
Mono: successfully reloaded assembly
- Completed reload, in  1.634 seconds
Platform modules already initialized, skipping
Refreshing native plugins compatible for Editor in 0.94 ms, found 3 plugins.
Preloading 0 native plugins for Editor in 0.00 ms.
Unloading 2374 Unused Serialized files (Serialized files now loaded: 0)
System memory in use before: 107.7 MB.
System memory in use after: 107.8 MB.

Unloading 21 unused Assets to reduce memory usage. Loaded Objects now: 2879.
Total: 3.227730 ms (FindLiveObjects: 0.280260 ms CreateObjectMapping: 0.130657 ms MarkObjects: 2.652605 ms  DeleteObjects: 0.162235 ms)

========================================================================
Received Prepare
Registering precompiled user dll's ...
Registered in 0.006059 seconds.
Begin MonoManager ReloadAssembly
Native extension for WindowsStandalone target not found
Refreshing native plugins compatible for Editor in 0.67 ms, found 3 plugins.
Preloading 0 native plugins for Editor in 0.00 ms.
Mono: successfully reloaded assembly
- Completed reload, in  1.735 seconds
Platform modules already initialized, skipping
Refreshing native plugins compatible for Editor in 0.69 ms, found 3 plugins.
Preloading 0 native plugins for Editor in 0.00 ms.
Unloading 2374 Unused Serialized files (Serialized files now loaded: 0)
System memory in use before: 107.7 MB.
System memory in use after: 107.8 MB.

Unloading 21 unused Assets to reduce memory usage. Loaded Objects now: 2883.
Total: 4.128906 ms (FindLiveObjects: 0.266839 ms CreateObjectMapping: 0.127499 ms MarkObjects: 3.571148 ms  DeleteObjects: 0.160656 ms)

========================================================================
Received Prepare
Registering precompiled user dll's ...
Registered in 0.004586 seconds.
Begin MonoManager ReloadAssembly
Native extension for WindowsStandalone target not found
Refreshing native plugins compatible for Editor in 0.70 ms, found 3 plugins.
Preloading 0 native plugins for Editor in 0.00 ms.
Mono: successfully reloaded assembly
- Completed reload, in  1.647 seconds
Platform modules already initialized, skipping
Refreshing native plugins compatible for Editor in 0.66 ms, found 3 plugins.
Preloading 0 native plugins for Editor in 0.00 ms.
Unloading 2374 Unused Serialized files (Serialized files now loaded: 0)
System memory in use before: 107.7 MB.
System memory in use after: 107.8 MB.

Unloading 21 unused Assets to reduce memory usage. Loaded Objects now: 2887.
Total: 3.637463 ms (FindLiveObjects: 0.458285 ms CreateObjectMapping: 0.142104 ms MarkObjects: 2.787209 ms  DeleteObjects: 0.247892 ms)

========================================================================
Received Prepare
Registering precompiled user dll's ...
Registered in 0.004801 seconds.
Begin MonoManager ReloadAssembly
Native extension for WindowsStandalone target not found
Refreshing native plugins compatible for Editor in 0.66 ms, found 3 plugins.
Preloading 0 native plugins for Editor in 0.00 ms.
Mono: successfully reloaded assembly
- Completed reload, in  1.685 seconds
Platform modules already initialized, skipping
Refreshing native plugins compatible for Editor in 0.67 ms, found 3 plugins.
Preloading 0 native plugins for Editor in 0.00 ms.
Unloading 2374 Unused Serialized files (Serialized files now loaded: 0)
System memory in use before: 107.7 MB.
System memory in use after: 107.8 MB.

Unloading 21 unused Assets to reduce memory usage. Loaded Objects now: 2891.
Total: 3.259704 ms (FindLiveObjects: 0.265655 ms CreateObjectMapping: 0.127104 ms MarkObjects: 2.710236 ms  DeleteObjects: 0.155525 ms)

========================================================================
Received Prepare
Registering precompiled user dll's ...
Registered in 0.004704 seconds.
Begin MonoManager ReloadAssembly
Native extension for WindowsStandalone target not found
Refreshing native plugins compatible for Editor in 0.85 ms, found 3 plugins.
Preloading 0 native plugins for Editor in 0.00 ms.
Mono: successfully reloaded assembly
- Completed reload, in  1.672 seconds
Platform modules already initialized, skipping
Refreshing native plugins compatible for Editor in 0.65 ms, found 3 plugins.
Preloading 0 native plugins for Editor in 0.00 ms.
Unloading 2374 Unused Serialized files (Serialized files now loaded: 0)
System memory in use before: 107.6 MB.
System memory in use after: 107.7 MB.

Unloading 21 unused Assets to reduce memory usage. Loaded Objects now: 2895.
Total: 3.612200 ms (FindLiveObjects: 0.284997 ms CreateObjectMapping: 0.134604 ms MarkObjects: 2.981812 ms  DeleteObjects: 0.209603 ms)

========================================================================
Received Prepare
Registering precompiled user dll's ...
Registered in 0.003769 seconds.
Begin MonoManager ReloadAssembly
Native extension for WindowsStandalone target not found
Refreshing native plugins compatible for Editor in 0.63 ms, found 3 plugins.
Preloading 0 native plugins for Editor in 0.00 ms.
Mono: successfully reloaded assembly
- Completed reload, in  1.588 seconds
Platform modules already initialized, skipping
Refreshing native plugins compatible for Editor in 0.68 ms, found 3 plugins.
Preloading 0 native plugins for Editor in 0.00 ms.
Unloading 2374 Unused Serialized files (Serialized files now loaded: 0)
System memory in use before: 107.7 MB.
System memory in use after: 107.8 MB.

Unloading 21 unused Assets to reduce memory usage. Loaded Objects now: 2899.
Total: 3.706541 ms (FindLiveObjects: 0.311839 ms CreateObjectMapping: 0.144867 ms MarkObjects: 3.080495 ms  DeleteObjects: 0.166972 ms)

========================================================================
Received Prepare
Registering precompiled user dll's ...
Registered in 0.005858 seconds.
Begin MonoManager ReloadAssembly
Native extension for WindowsStandalone target not found
Refreshing native plugins compatible for Editor in 0.66 ms, found 3 plugins.
Preloading 0 native plugins for Editor in 0.00 ms.
Mono: successfully reloaded assembly
- Completed reload, in  1.709 seconds
Platform modules already initialized, skipping
Refreshing native plugins compatible for Editor in 1.06 ms, found 3 plugins.
Preloading 0 native plugins for Editor in 0.00 ms.
Unloading 2374 Unused Serialized files (Serialized files now loaded: 0)
System memory in use before: 107.7 MB.
System memory in use after: 107.8 MB.

Unloading 21 unused Assets to reduce memory usage. Loaded Objects now: 2903.
Total: 3.170494 ms (FindLiveObjects: 0.269997 ms CreateObjectMapping: 0.125920 ms MarkObjects: 2.611947 ms  DeleteObjects: 0.160656 ms)

========================================================================
Received Prepare
Registering precompiled user dll's ...
Registered in 0.003598 seconds.
Begin MonoManager ReloadAssembly
Native extension for WindowsStandalone target not found
Refreshing native plugins compatible for Editor in 0.68 ms, found 3 plugins.
Preloading 0 native plugins for Editor in 0.00 ms.
Mono: successfully reloaded assembly
- Completed reload, in  1.738 seconds
Platform modules already initialized, skipping
Refreshing native plugins compatible for Editor in 0.87 ms, found 3 plugins.
Preloading 0 native plugins for Editor in 0.00 ms.
Unloading 2374 Unused Serialized files (Serialized files now loaded: 0)
System memory in use before: 107.8 MB.
System memory in use after: 107.8 MB.

Unloading 21 unused Assets to reduce memory usage. Loaded Objects now: 2907.
Total: 4.047591 ms (FindLiveObjects: 0.365917 ms CreateObjectMapping: 0.264471 ms MarkObjects: 3.231678 ms  DeleteObjects: 0.183156 ms)

========================================================================
Received Prepare
Registering precompiled user dll's ...
Registered in 0.004346 seconds.
Begin MonoManager ReloadAssembly
Native extension for WindowsStandalone target not found
Refreshing native plugins compatible for Editor in 0.70 ms, found 3 plugins.
Preloading 0 native plugins for Editor in 0.00 ms.
Mono: successfully reloaded assembly
- Completed reload, in  1.547 seconds
Platform modules already initialized, skipping
Refreshing native plugins compatible for Editor in 0.66 ms, found 3 plugins.
Preloading 0 native plugins for Editor in 0.00 ms.
Unloading 2374 Unused Serialized files (Serialized files now loaded: 0)
System memory in use before: 107.8 MB.
System memory in use after: 107.8 MB.

Unloading 21 unused Assets to reduce memory usage. Loaded Objects now: 2911.
Total: 3.342992 ms (FindLiveObjects: 0.272366 ms CreateObjectMapping: 0.126709 ms MarkObjects: 2.780498 ms  DeleteObjects: 0.161051 ms)

========================================================================
Received Prepare
Registering precompiled user dll's ...
Registered in 0.003729 seconds.
Begin MonoManager ReloadAssembly
Native extension for WindowsStandalone target not found
Refreshing native plugins compatible for Editor in 0.64 ms, found 3 plugins.
Preloading 0 native plugins for Editor in 0.00 ms.
Mono: successfully reloaded assembly
- Completed reload, in  1.556 seconds
Platform modules already initialized, skipping
Refreshing native plugins compatible for Editor in 0.68 ms, found 3 plugins.
Preloading 0 native plugins for Editor in 0.00 ms.
Unloading 2374 Unused Serialized files (Serialized files now loaded: 0)
System memory in use before: 107.7 MB.
System memory in use after: 107.8 MB.

Unloading 21 unused Assets to reduce memory usage. Loaded Objects now: 2915.
Total: 3.281809 ms (FindLiveObjects: 0.272760 ms CreateObjectMapping: 0.125920 ms MarkObjects: 2.722078 ms  DeleteObjects: 0.159472 ms)

========================================================================
Received Prepare
Registering precompiled user dll's ...
Registered in 0.003780 seconds.
Begin MonoManager ReloadAssembly
Native extension for WindowsStandalone target not found
Refreshing native plugins compatible for Editor in 1.08 ms, found 3 plugins.
Preloading 0 native plugins for Editor in 0.00 ms.
Mono: successfully reloaded assembly
- Completed reload, in  2.050 seconds
Platform modules already initialized, skipping
Refreshing native plugins compatible for Editor in 0.89 ms, found 3 plugins.
Preloading 0 native plugins for Editor in 0.00 ms.
Unloading 2374 Unused Serialized files (Serialized files now loaded: 0)
System memory in use before: 107.8 MB.
System memory in use after: 107.9 MB.

Unloading 21 unused Assets to reduce memory usage. Loaded Objects now: 2919.
Total: 3.678515 ms (FindLiveObjects: 0.291313 ms CreateObjectMapping: 0.138156 ms MarkObjects: 3.064311 ms  DeleteObjects: 0.183156 ms)

========================================================================
Received Prepare
Registering precompiled user dll's ...
Registered in 0.004230 seconds.
Begin MonoManager ReloadAssembly
Native extension for WindowsStandalone target not found
Refreshing native plugins compatible for Editor in 0.67 ms, found 3 plugins.
Preloading 0 native plugins for Editor in 0.00 ms.
Mono: successfully reloaded assembly
- Completed reload, in  1.663 seconds
Platform modules already initialized, skipping
Refreshing native plugins compatible for Editor in 0.69 ms, found 3 plugins.
Preloading 0 native plugins for Editor in 0.00 ms.
Unloading 2374 Unused Serialized files (Serialized files now loaded: 0)
System memory in use before: 107.8 MB.
System memory in use after: 107.9 MB.

Unloading 21 unused Assets to reduce memory usage. Loaded Objects now: 2923.
Total: 3.470096 ms (FindLiveObjects: 0.277102 ms CreateObjectMapping: 0.119999 ms MarkObjects: 2.908392 ms  DeleteObjects: 0.162235 ms)

========================================================================
Received Prepare
Registering precompiled user dll's ...
Registered in 0.003656 seconds.
Begin MonoManager ReloadAssembly
Native extension for WindowsStandalone target not found
Refreshing native plugins compatible for Editor in 1.03 ms, found 3 plugins.
Preloading 0 native plugins for Editor in 0.00 ms.
Mono: successfully reloaded assembly
- Completed reload, in  1.626 seconds
Platform modules already initialized, skipping
Refreshing native plugins compatible for Editor in 0.68 ms, found 3 plugins.
Preloading 0 native plugins for Editor in 0.00 ms.
Unloading 2374 Unused Serialized files (Serialized files now loaded: 0)
System memory in use before: 107.8 MB.
System memory in use after: 107.9 MB.

Unloading 21 unused Assets to reduce memory usage. Loaded Objects now: 2927.
Total: 3.340624 ms (FindLiveObjects: 0.299207 ms CreateObjectMapping: 0.122762 ms MarkObjects: 2.737078 ms  DeleteObjects: 0.179998 ms)

========================================================================
Received Prepare
Registering precompiled user dll's ...
Registered in 0.005673 seconds.
Begin MonoManager ReloadAssembly
Native extension for WindowsStandalone target not found
Refreshing native plugins compatible for Editor in 0.73 ms, found 3 plugins.
Preloading 0 native plugins for Editor in 0.00 ms.
Mono: successfully reloaded assembly
- Completed reload, in  1.857 seconds
Platform modules already initialized, skipping
Refreshing native plugins compatible for Editor in 0.71 ms, found 3 plugins.
Preloading 0 native plugins for Editor in 0.00 ms.
Unloading 2374 Unused Serialized files (Serialized files now loaded: 0)
System memory in use before: 107.9 MB.
System memory in use after: 108.0 MB.

Unloading 21 unused Assets to reduce memory usage. Loaded Objects now: 2931.
Total: 4.025091 ms (FindLiveObjects: 0.305918 ms CreateObjectMapping: 0.140920 ms MarkObjects: 3.392729 ms  DeleteObjects: 0.183156 ms)

========================================================================
Received Prepare
Registering precompiled user dll's ...
Registered in 0.005382 seconds.
Begin MonoManager ReloadAssembly
Native extension for WindowsStandalone target not found
Refreshing native plugins compatible for Editor in 0.77 ms, found 3 plugins.
Preloading 0 native plugins for Editor in 0.00 ms.
Mono: successfully reloaded assembly
- Completed reload, in  1.668 seconds
Platform modules already initialized, skipping
Refreshing native plugins compatible for Editor in 0.67 ms, found 3 plugins.
Preloading 0 native plugins for Editor in 0.00 ms.
Unloading 2374 Unused Serialized files (Serialized files now loaded: 0)
System memory in use before: 107.8 MB.
System memory in use after: 107.9 MB.

Unloading 21 unused Assets to reduce memory usage. Loaded Objects now: 2935.
Total: 3.315361 ms (FindLiveObjects: 0.292497 ms CreateObjectMapping: 0.130262 ms MarkObjects: 2.724446 ms  DeleteObjects: 0.165788 ms)

========================================================================
Received Prepare
Registering precompiled user dll's ...
Registered in 0.004126 seconds.
Begin MonoManager ReloadAssembly
Native extension for WindowsStandalone target not found
Refreshing native plugins compatible for Editor in 1.17 ms, found 3 plugins.
Preloading 0 native plugins for Editor in 0.00 ms.
Mono: successfully reloaded assembly
- Completed reload, in  1.669 seconds
Platform modules already initialized, skipping
Refreshing native plugins compatible for Editor in 0.66 ms, found 3 plugins.
Preloading 0 native plugins for Editor in 0.00 ms.
Unloading 2374 Unused Serialized files (Serialized files now loaded: 0)
System memory in use before: 107.9 MB.
System memory in use after: 108.0 MB.

Unloading 21 unused Assets to reduce memory usage. Loaded Objects now: 2939.
Total: 4.047985 ms (FindLiveObjects: 0.288550 ms CreateObjectMapping: 0.133814 ms MarkObjects: 3.459833 ms  DeleteObjects: 0.163419 ms)

========================================================================
Received Prepare
Registering precompiled user dll's ...
Registered in 0.005670 seconds.
Begin MonoManager ReloadAssembly
Native extension for WindowsStandalone target not found
Refreshing native plugins compatible for Editor in 0.66 ms, found 3 plugins.
Preloading 0 native plugins for Editor in 0.00 ms.
Mono: successfully reloaded assembly
- Completed reload, in  1.736 seconds
Platform modules already initialized, skipping
Refreshing native plugins compatible for Editor in 0.66 ms, found 3 plugins.
Preloading 0 native plugins for Editor in 0.00 ms.
Unloading 2374 Unused Serialized files (Serialized files now loaded: 0)
System memory in use before: 107.9 MB.
System memory in use after: 108.0 MB.

Unloading 21 unused Assets to reduce memory usage. Loaded Objects now: 2943.
Total: 3.382071 ms (FindLiveObjects: 0.273550 ms CreateObjectMapping: 0.152367 ms MarkObjects: 2.789182 ms  DeleteObjects: 0.165393 ms)

========================================================================
Received Prepare
Registering precompiled user dll's ...
Registered in 0.004407 seconds.
Begin MonoManager ReloadAssembly
Native extension for WindowsStandalone target not found
Refreshing native plugins compatible for Editor in 0.66 ms, found 3 plugins.
Preloading 0 native plugins for Editor in 0.00 ms.
Mono: successfully reloaded assembly
- Completed reload, in  1.581 seconds
Platform modules already initialized, skipping
Refreshing native plugins compatible for Editor in 0.85 ms, found 3 plugins.
Preloading 0 native plugins for Editor in 0.00 ms.
Unloading 2374 Unused Serialized files (Serialized files now loaded: 0)
System memory in use before: 107.9 MB.
System memory in use after: 108.0 MB.

Unloading 21 unused Assets to reduce memory usage. Loaded Objects now: 2947.
Total: 4.070880 ms (FindLiveObjects: 0.335523 ms CreateObjectMapping: 0.139735 ms MarkObjects: 3.428255 ms  DeleteObjects: 0.165393 ms)

========================================================================
Received Prepare
Registering precompiled user dll's ...
Registered in 0.004429 seconds.
Begin MonoManager ReloadAssembly
Native extension for WindowsStandalone target not found
Refreshing native plugins compatible for Editor in 0.85 ms, found 3 plugins.
Preloading 0 native plugins for Editor in 0.00 ms.
Mono: successfully reloaded assembly
- Completed reload, in  1.687 seconds
Platform modules already initialized, skipping
Refreshing native plugins compatible for Editor in 0.67 ms, found 3 plugins.
Preloading 0 native plugins for Editor in 0.00 ms.
Unloading 2374 Unused Serialized files (Serialized files now loaded: 0)
System memory in use before: 107.9 MB.
System memory in use after: 108.0 MB.

Unloading 21 unused Assets to reduce memory usage. Loaded Objects now: 2951.
Total: 4.814162 ms (FindLiveObjects: 0.634730 ms CreateObjectMapping: 0.254208 ms MarkObjects: 3.651674 ms  DeleteObjects: 0.271181 ms)

========================================================================
Received Prepare
Registering precompiled user dll's ...
Registered in 0.005250 seconds.
Begin MonoManager ReloadAssembly
Native extension for WindowsStandalone target not found
Refreshing native plugins compatible for Editor in 0.73 ms, found 3 plugins.
Preloading 0 native plugins for Editor in 0.00 ms.
Mono: successfully reloaded assembly
- Completed reload, in  1.865 seconds
Platform modules already initialized, skipping
Refreshing native plugins compatible for Editor in 0.84 ms, found 3 plugins.
Preloading 0 native plugins for Editor in 0.00 ms.
Unloading 2374 Unused Serialized files (Serialized files now loaded: 0)
System memory in use before: 107.9 MB.
System memory in use after: 107.9 MB.

Unloading 21 unused Assets to reduce memory usage. Loaded Objects now: 2955.
Total: 3.765357 ms (FindLiveObjects: 0.377759 ms CreateObjectMapping: 0.262892 ms MarkObjects: 2.966023 ms  DeleteObjects: 0.156709 ms)

========================================================================
Received Prepare
Registering precompiled user dll's ...
Registered in 0.003710 seconds.
Begin MonoManager ReloadAssembly
Native extension for WindowsStandalone target not found
Refreshing native plugins compatible for Editor in 1.14 ms, found 3 plugins.
Preloading 0 native plugins for Editor in 0.00 ms.
Mono: successfully reloaded assembly
- Completed reload, in  1.682 seconds
Platform modules already initialized, skipping
Refreshing native plugins compatible for Editor in 0.71 ms, found 3 plugins.
Preloading 0 native plugins for Editor in 0.00 ms.
Unloading 2374 Unused Serialized files (Serialized files now loaded: 0)
System memory in use before: 108.0 MB.
System memory in use after: 108.0 MB.

Unloading 21 unused Assets to reduce memory usage. Loaded Objects now: 2959.
Total: 3.802856 ms (FindLiveObjects: 0.288550 ms CreateObjectMapping: 0.153551 ms MarkObjects: 3.173652 ms  DeleteObjects: 0.184735 ms)

========================================================================
Received Import Request.
  Time since last request: 2881.078937 seconds.
  path: Assets/Prefabs/Pipe.prefab
  artifactKey: Guid(5098578ec76749743b5488ef11010f9b) Importer(815301076,1909f56bfc062723c751e8b465ee728b)
Start importing Assets/Prefabs/Pipe.prefab using Guid(5098578ec76749743b5488ef11010f9b) Importer(815301076,1909f56bfc062723c751e8b465ee728b)  -> (artifact id: '7b1fad699275b231c38ef6b11f10a934') in 0.247993 seconds
  Import took 0.263308 seconds .

========================================================================
Received Import Request.
  Time since last request: 1.635975 seconds.
  path: Assets/Prefabs/Pipe.prefab
  artifactKey: Guid(5098578ec76749743b5488ef11010f9b) Importer(815301076,1909f56bfc062723c751e8b465ee728b)
Start importing Assets/Prefabs/Pipe.prefab using Guid(5098578ec76749743b5488ef11010f9b) Importer(815301076,1909f56bfc062723c751e8b465ee728b)  -> (artifact id: '71b147ef67f71359b6c28a4cf611a4b4') in 0.050571 seconds
  Import took 0.059078 seconds .

========================================================================
Received Import Request.
  Time since last request: 2.808239 seconds.
  path: Assets/Prefabs/Pipe.prefab
  artifactKey: Guid(5098578ec76749743b5488ef11010f9b) Importer(815301076,1909f56bfc062723c751e8b465ee728b)
Start importing Assets/Prefabs/Pipe.prefab using Guid(5098578ec76749743b5488ef11010f9b) Importer(815301076,1909f56bfc062723c751e8b465ee728b)  -> (artifact id: '3dcb9303b2e6664f776e16f291acf9a9') in 0.028261 seconds
  Import took 0.036066 seconds .

========================================================================
Received Prepare
Registering precompiled user dll's ...
Registered in 0.004532 seconds.
Begin MonoManager ReloadAssembly
Native extension for WindowsStandalone target not found
Refreshing native plugins compatible for Editor in 0.66 ms, found 3 plugins.
Preloading 0 native plugins for Editor in 0.00 ms.
Mono: successfully reloaded assembly
- Completed reload, in  1.613 seconds
Platform modules already initialized, skipping
Refreshing native plugins compatible for Editor in 0.70 ms, found 3 plugins.
Preloading 0 native plugins for Editor in 0.00 ms.
Unloading 2374 Unused Serialized files (Serialized files now loaded: 0)
System memory in use before: 108.0 MB.
System memory in use after: 108.0 MB.

Unloading 21 unused Assets to reduce memory usage. Loaded Objects now: 2964.
Total: 3.273914 ms (FindLiveObjects: 0.277892 ms CreateObjectMapping: 0.128288 ms MarkObjects: 2.708262 ms  DeleteObjects: 0.157104 ms)

========================================================================
Received Prepare
Registering precompiled user dll's ...
Registered in 0.004310 seconds.
Begin MonoManager ReloadAssembly
Native extension for WindowsStandalone target not found
Refreshing native plugins compatible for Editor in 0.66 ms, found 3 plugins.
Preloading 0 native plugins for Editor in 0.00 ms.
Mono: successfully reloaded assembly
- Completed reload, in  1.651 seconds
Platform modules already initialized, skipping
Refreshing native plugins compatible for Editor in 0.66 ms, found 3 plugins.
Preloading 0 native plugins for Editor in 0.00 ms.
Unloading 2374 Unused Serialized files (Serialized files now loaded: 0)
System memory in use before: 108.0 MB.
System memory in use after: 108.0 MB.

Unloading 21 unused Assets to reduce memory usage. Loaded Objects now: 2968.
Total: 3.656016 ms (FindLiveObjects: 0.511574 ms CreateObjectMapping: 0.158683 ms MarkObjects: 2.822735 ms  DeleteObjects: 0.161446 ms)

========================================================================
Received Prepare
Registering precompiled user dll's ...
Registered in 0.005615 seconds.
Begin MonoManager ReloadAssembly
Native extension for WindowsStandalone target not found
Refreshing native plugins compatible for Editor in 0.74 ms, found 3 plugins.
Preloading 0 native plugins for Editor in 0.00 ms.
Mono: successfully reloaded assembly
- Completed reload, in  1.926 seconds
Platform modules already initialized, skipping
Refreshing native plugins compatible for Editor in 0.72 ms, found 3 plugins.
Preloading 0 native plugins for Editor in 0.00 ms.
Unloading 2374 Unused Serialized files (Serialized files now loaded: 0)
System memory in use before: 108.0 MB.
System memory in use after: 108.1 MB.

Unloading 21 unused Assets to reduce memory usage. Loaded Objects now: 2972.
Total: 3.871934 ms (FindLiveObjects: 0.307497 ms CreateObjectMapping: 0.144472 ms MarkObjects: 3.236020 ms  DeleteObjects: 0.181972 ms)

========================================================================
Received Prepare
Registering precompiled user dll's ...
Registered in 0.005229 seconds.
Begin MonoManager ReloadAssembly
Native extension for WindowsStandalone target not found
Refreshing native plugins compatible for Editor in 0.68 ms, found 3 plugins.
Preloading 0 native plugins for Editor in 0.00 ms.
Mono: successfully reloaded assembly
- Completed reload, in  1.679 seconds
Platform modules already initialized, skipping
Refreshing native plugins compatible for Editor in 0.67 ms, found 3 plugins.
Preloading 0 native plugins for Editor in 0.00 ms.
Unloading 2374 Unused Serialized files (Serialized files now loaded: 0)
System memory in use before: 107.9 MB.
System memory in use after: 108.0 MB.

Unloading 21 unused Assets to reduce memory usage. Loaded Objects now: 2976.
Total: 3.267598 ms (FindLiveObjects: 0.284602 ms CreateObjectMapping: 0.129078 ms MarkObjects: 2.696025 ms  DeleteObjects: 0.156314 ms)

========================================================================
Received Prepare
Registering precompiled user dll's ...
Registered in 0.004138 seconds.
Begin MonoManager ReloadAssembly
Native extension for WindowsStandalone target not found
Refreshing native plugins compatible for Editor in 0.73 ms, found 3 plugins.
Preloading 0 native plugins for Editor in 0.00 ms.
Mono: successfully reloaded assembly
- Completed reload, in  1.639 seconds
Platform modules already initialized, skipping
Refreshing native plugins compatible for Editor in 1.41 ms, found 3 plugins.
Preloading 0 native plugins for Editor in 0.00 ms.
Unloading 2374 Unused Serialized files (Serialized files now loaded: 0)
System memory in use before: 108.0 MB.
System memory in use after: 108.1 MB.

Unloading 21 unused Assets to reduce memory usage. Loaded Objects now: 2980.
Total: 5.742573 ms (FindLiveObjects: 0.548679 ms CreateObjectMapping: 0.317760 ms MarkObjects: 4.621532 ms  DeleteObjects: 0.252234 ms)

========================================================================
Received Import Request.
  Time since last request: 337.821137 seconds.
  path: Assets/Prefabs/Pipe.prefab
  artifactKey: Guid(5098578ec76749743b5488ef11010f9b) Importer(815301076,1909f56bfc062723c751e8b465ee728b)
Start importing Assets/Prefabs/Pipe.prefab using Guid(5098578ec76749743b5488ef11010f9b) Importer(815301076,1909f56bfc062723c751e8b465ee728b)  -> (artifact id: '6e610f494caa62cf15d11b75c4874959') in 0.114815 seconds
  Import took 0.121419 seconds .

========================================================================
Received Import Request.
  Time since last request: 8.078030 seconds.
  path: Assets/Prefabs/Pipe.prefab
  artifactKey: Guid(5098578ec76749743b5488ef11010f9b) Importer(815301076,1909f56bfc062723c751e8b465ee728b)
Start importing Assets/Prefabs/Pipe.prefab using Guid(5098578ec76749743b5488ef11010f9b) Importer(815301076,1909f56bfc062723c751e8b465ee728b)  -> (artifact id: 'b2a19feb7d45d9e79f9b1e2ab3b8b937') in 0.033764 seconds
  Import took 0.042610 seconds .

========================================================================
Received Import Request.
  Time since last request: 5.131754 seconds.
  path: Assets/Prefabs/Pipe.prefab
  artifactKey: Guid(5098578ec76749743b5488ef11010f9b) Importer(815301076,1909f56bfc062723c751e8b465ee728b)
Start importing Assets/Prefabs/Pipe.prefab using Guid(5098578ec76749743b5488ef11010f9b) Importer(815301076,1909f56bfc062723c751e8b465ee728b)  -> (artifact id: '7bd7802d2e082ecc2c80f00bb89a296b') in 0.023837 seconds
  Import took 0.029683 seconds .

========================================================================
Received Import Request.
  Time since last request: 14.291155 seconds.
  path: Assets/Prefabs/Pipe.prefab
  artifactKey: Guid(5098578ec76749743b5488ef11010f9b) Importer(815301076,1909f56bfc062723c751e8b465ee728b)
Start importing Assets/Prefabs/Pipe.prefab using Guid(5098578ec76749743b5488ef11010f9b) Importer(815301076,1909f56bfc062723c751e8b465ee728b)  -> (artifact id: '96a28cef25599c8a9ab29d193b2d54b7') in 0.019804 seconds
  Import took 0.028404 seconds .

========================================================================
Received Import Request.
  Time since last request: 3.046078 seconds.
  path: Assets/Prefabs/Pipe.prefab
  artifactKey: Guid(5098578ec76749743b5488ef11010f9b) Importer(815301076,1909f56bfc062723c751e8b465ee728b)
Start importing Assets/Prefabs/Pipe.prefab using Guid(5098578ec76749743b5488ef11010f9b) Importer(815301076,1909f56bfc062723c751e8b465ee728b)  -> (artifact id: 'a8b98bce474c6b567311eeeb4aaff6f0') in 0.018783 seconds
  Import took 0.024953 seconds .

========================================================================
Received Import Request.
  Time since last request: 4.504663 seconds.
  path: Assets/Prefabs/Pipe.prefab
  artifactKey: Guid(5098578ec76749743b5488ef11010f9b) Importer(815301076,1909f56bfc062723c751e8b465ee728b)
Start importing Assets/Prefabs/Pipe.prefab using Guid(5098578ec76749743b5488ef11010f9b) Importer(815301076,1909f56bfc062723c751e8b465ee728b)  -> (artifact id: '4bb38180987e5316c257a19e40a3503f') in 0.017789 seconds
  Import took 0.024628 seconds .

========================================================================
Received Import Request.
  Time since last request: 7.080638 seconds.
  path: Assets/Prefabs/Pipe.prefab
  artifactKey: Guid(5098578ec76749743b5488ef11010f9b) Importer(815301076,1909f56bfc062723c751e8b465ee728b)
Start importing Assets/Prefabs/Pipe.prefab using Guid(5098578ec76749743b5488ef11010f9b) Importer(815301076,1909f56bfc062723c751e8b465ee728b)  -> (artifact id: '109c6a7a4a5b26f32b3b03f8c256788d') in 0.020911 seconds
  Import took 0.026924 seconds .

========================================================================
Received Import Request.
  Time since last request: 4.812301 seconds.
  path: Assets/Prefabs/Pipe.prefab
  artifactKey: Guid(5098578ec76749743b5488ef11010f9b) Importer(815301076,1909f56bfc062723c751e8b465ee728b)
Start importing Assets/Prefabs/Pipe.prefab using Guid(5098578ec76749743b5488ef11010f9b) Importer(815301076,1909f56bfc062723c751e8b465ee728b)  -> (artifact id: '209106415abcbd90ab1e2760521e9837') in 0.021216 seconds
  Import took 0.029042 seconds .

========================================================================
Received Import Request.
  Time since last request: 4.031092 seconds.
  path: Assets/Prefabs/Pipe.prefab
  artifactKey: Guid(5098578ec76749743b5488ef11010f9b) Importer(815301076,1909f56bfc062723c751e8b465ee728b)
Start importing Assets/Prefabs/Pipe.prefab using Guid(5098578ec76749743b5488ef11010f9b) Importer(815301076,1909f56bfc062723c751e8b465ee728b)  -> (artifact id: '52fc5d18cce637a1f676d6bf8d05ae90') in 0.038109 seconds
  Import took 0.050058 seconds .

========================================================================
Received Import Request.
  Time since last request: 5.989659 seconds.
  path: Assets/Prefabs/Pipe.prefab
  artifactKey: Guid(5098578ec76749743b5488ef11010f9b) Importer(815301076,1909f56bfc062723c751e8b465ee728b)
Start importing Assets/Prefabs/Pipe.prefab using Guid(5098578ec76749743b5488ef11010f9b) Importer(815301076,1909f56bfc062723c751e8b465ee728b)  -> (artifact id: '9115b6759b7ed0c37b5ce68dc6cc7df7') in 0.021579 seconds
  Import took 0.029737 seconds .

========================================================================
Received Import Request.
  Time since last request: 5.766681 seconds.
  path: Assets/Prefabs/Pipe.prefab
  artifactKey: Guid(5098578ec76749743b5488ef11010f9b) Importer(815301076,1909f56bfc062723c751e8b465ee728b)
Start importing Assets/Prefabs/Pipe.prefab using Guid(5098578ec76749743b5488ef11010f9b) Importer(815301076,1909f56bfc062723c751e8b465ee728b)  -> (artifact id: '7b20d6d2627ba91f80f6cf5be72e8f9e') in 0.023896 seconds
  Import took 0.036733 seconds .

========================================================================
Received Import Request.
  Time since last request: 2.912126 seconds.
  path: Assets/Prefabs/Pipe.prefab
  artifactKey: Guid(5098578ec76749743b5488ef11010f9b) Importer(815301076,1909f56bfc062723c751e8b465ee728b)
Start importing Assets/Prefabs/Pipe.prefab using Guid(5098578ec76749743b5488ef11010f9b) Importer(815301076,1909f56bfc062723c751e8b465ee728b)  -> (artifact id: 'c7a2039edd3295d413b7422ba7657178') in 0.028457 seconds
  Import took 0.042846 seconds .

========================================================================
Received Import Request.
  Time since last request: 3.603213 seconds.
  path: Assets/Prefabs/Pipe.prefab
  artifactKey: Guid(5098578ec76749743b5488ef11010f9b) Importer(815301076,1909f56bfc062723c751e8b465ee728b)
Start importing Assets/Prefabs/Pipe.prefab using Guid(5098578ec76749743b5488ef11010f9b) Importer(815301076,1909f56bfc062723c751e8b465ee728b)  -> (artifact id: '980b855002303d0f670e575b3ee40276') in 0.021513 seconds
  Import took 0.032339 seconds .

========================================================================
Received Import Request.
  Time since last request: 2.494562 seconds.
  path: Assets/Prefabs/Pipe.prefab
  artifactKey: Guid(5098578ec76749743b5488ef11010f9b) Importer(815301076,1909f56bfc062723c751e8b465ee728b)
Start importing Assets/Prefabs/Pipe.prefab using Guid(5098578ec76749743b5488ef11010f9b) Importer(815301076,1909f56bfc062723c751e8b465ee728b)  -> (artifact id: 'f865b2268d8ec82c338bdd1ee2d725c8') in 0.019425 seconds
  Import took 0.024776 seconds .

========================================================================
Received Import Request.
  Time since last request: 2.701389 seconds.
  path: Assets/Prefabs/Pipe.prefab
  artifactKey: Guid(5098578ec76749743b5488ef11010f9b) Importer(815301076,1909f56bfc062723c751e8b465ee728b)
Start importing Assets/Prefabs/Pipe.prefab using Guid(5098578ec76749743b5488ef11010f9b) Importer(815301076,1909f56bfc062723c751e8b465ee728b)  -> (artifact id: 'cd13de086b88ef27fe366d9cdef05cf6') in 0.216561 seconds
  Import took 0.238717 seconds .

========================================================================
Received Prepare
Registering precompiled user dll's ...
Registered in 0.004544 seconds.
Begin MonoManager ReloadAssembly
Native extension for WindowsStandalone target not found
Refreshing native plugins compatible for Editor in 0.66 ms, found 3 plugins.
Preloading 0 native plugins for Editor in 0.00 ms.
Mono: successfully reloaded assembly
- Completed reload, in  1.724 seconds
Platform modules already initialized, skipping
Refreshing native plugins compatible for Editor in 0.66 ms, found 3 plugins.
Preloading 0 native plugins for Editor in 0.00 ms.
Unloading 2374 Unused Serialized files (Serialized files now loaded: 0)
System memory in use before: 108.0 MB.
System memory in use after: 108.1 MB.

Unloading 21 unused Assets to reduce memory usage. Loaded Objects now: 2985.
Total: 3.637463 ms (FindLiveObjects: 0.291708 ms CreateObjectMapping: 0.138551 ms MarkObjects: 2.987733 ms  DeleteObjects: 0.217893 ms)

========================================================================
Received Prepare
Registering precompiled user dll's ...
Registered in 0.004984 seconds.
Begin MonoManager ReloadAssembly
Native extension for WindowsStandalone target not found
Refreshing native plugins compatible for Editor in 0.75 ms, found 3 plugins.
Preloading 0 native plugins for Editor in 0.00 ms.
Mono: successfully reloaded assembly
- Completed reload, in  1.674 seconds
Platform modules already initialized, skipping
Refreshing native plugins compatible for Editor in 0.68 ms, found 3 plugins.
Preloading 0 native plugins for Editor in 0.00 ms.
Unloading 2374 Unused Serialized files (Serialized files now loaded: 0)
System memory in use before: 108.0 MB.
System memory in use after: 108.1 MB.

Unloading 21 unused Assets to reduce memory usage. Loaded Objects now: 2989.
Total: 3.288125 ms (FindLiveObjects: 0.283023 ms CreateObjectMapping: 0.125130 ms MarkObjects: 2.721288 ms  DeleteObjects: 0.156709 ms)

========================================================================
Received Prepare
Registering precompiled user dll's ...
Registered in 0.004790 seconds.
Begin MonoManager ReloadAssembly
Native extension for WindowsStandalone target not found
Refreshing native plugins compatible for Editor in 0.85 ms, found 3 plugins.
Preloading 0 native plugins for Editor in 0.00 ms.
Mono: successfully reloaded assembly
- Completed reload, in  1.918 seconds
Platform modules already initialized, skipping
Refreshing native plugins compatible for Editor in 0.75 ms, found 3 plugins.
Preloading 0 native plugins for Editor in 0.00 ms.
Unloading 2374 Unused Serialized files (Serialized files now loaded: 0)
System memory in use before: 108.0 MB.
System memory in use after: 108.1 MB.

Unloading 21 unused Assets to reduce memory usage. Loaded Objects now: 2993.
Total: 3.633516 ms (FindLiveObjects: 0.359602 ms CreateObjectMapping: 0.155525 ms MarkObjects: 2.877997 ms  DeleteObjects: 0.237629 ms)

========================================================================
Received Prepare
Registering precompiled user dll's ...
Registered in 0.008204 seconds.
Begin MonoManager ReloadAssembly
Native extension for WindowsStandalone target not found
Refreshing native plugins compatible for Editor in 0.68 ms, found 3 plugins.
Preloading 0 native plugins for Editor in 0.00 ms.
Mono: successfully reloaded assembly
- Completed reload, in  2.134 seconds
Platform modules already initialized, skipping
Refreshing native plugins compatible for Editor in 3.27 ms, found 3 plugins.
Preloading 0 native plugins for Editor in 0.00 ms.
Unloading 2374 Unused Serialized files (Serialized files now loaded: 0)
System memory in use before: 108.0 MB.
System memory in use after: 108.1 MB.

Unloading 21 unused Assets to reduce memory usage. Loaded Objects now: 2997.
Total: 38.508952 ms (FindLiveObjects: 1.859192 ms CreateObjectMapping: 2.597737 ms MarkObjects: 33.484792 ms  DeleteObjects: 0.555389 ms)

========================================================================
Received Prepare
Registering precompiled user dll's ...
Registered in 0.003750 seconds.
Begin MonoManager ReloadAssembly
Native extension for WindowsStandalone target not found
Refreshing native plugins compatible for Editor in 0.72 ms, found 3 plugins.
Preloading 0 native plugins for Editor in 0.00 ms.
Mono: successfully reloaded assembly
- Completed reload, in  1.690 seconds
Platform modules already initialized, skipping
Refreshing native plugins compatible for Editor in 1.09 ms, found 3 plugins.
Preloading 0 native plugins for Editor in 0.00 ms.
Unloading 2374 Unused Serialized files (Serialized files now loaded: 0)
System memory in use before: 108.1 MB.
System memory in use after: 108.2 MB.

Unloading 21 unused Assets to reduce memory usage. Loaded Objects now: 3001.
Total: 3.621674 ms (FindLiveObjects: 0.298418 ms CreateObjectMapping: 0.127499 ms MarkObjects: 3.034311 ms  DeleteObjects: 0.159077 ms)

========================================================================
Received Prepare
Registering precompiled user dll's ...
Registered in 0.004341 seconds.
Begin MonoManager ReloadAssembly
Native extension for WindowsStandalone target not found
Refreshing native plugins compatible for Editor in 0.73 ms, found 3 plugins.
Preloading 0 native plugins for Editor in 0.00 ms.
Mono: successfully reloaded assembly
- Completed reload, in  2.069 seconds
Platform modules already initialized, skipping
Refreshing native plugins compatible for Editor in 1.23 ms, found 3 plugins.
Preloading 0 native plugins for Editor in 0.00 ms.
Unloading 2374 Unused Serialized files (Serialized files now loaded: 0)
System memory in use before: 108.1 MB.
System memory in use after: 108.2 MB.

Unloading 21 unused Assets to reduce memory usage. Loaded Objects now: 3005.
Total: 3.901539 ms (FindLiveObjects: 0.322891 ms CreateObjectMapping: 0.158683 ms MarkObjects: 3.239572 ms  DeleteObjects: 0.178419 ms)

========================================================================
Received Prepare
Registering precompiled user dll's ...
Registered in 0.004213 seconds.
Begin MonoManager ReloadAssembly
Native extension for WindowsStandalone target not found
Refreshing native plugins compatible for Editor in 1.18 ms, found 3 plugins.
Preloading 0 native plugins for Editor in 0.00 ms.
Mono: successfully reloaded assembly
- Completed reload, in  2.091 seconds
Platform modules already initialized, skipping
Refreshing native plugins compatible for Editor in 0.80 ms, found 3 plugins.
Preloading 0 native plugins for Editor in 0.00 ms.
Unloading 2374 Unused Serialized files (Serialized files now loaded: 0)
System memory in use before: 108.1 MB.
System memory in use after: 108.2 MB.

Unloading 21 unused Assets to reduce memory usage. Loaded Objects now: 3009.
Total: 4.102064 ms (FindLiveObjects: 0.310260 ms CreateObjectMapping: 0.153946 ms MarkObjects: 3.456676 ms  DeleteObjects: 0.178814 ms)

========================================================================
Received Prepare
Registering precompiled user dll's ...
Registered in 0.004174 seconds.
Begin MonoManager ReloadAssembly
Native extension for WindowsStandalone target not found
Refreshing native plugins compatible for Editor in 0.72 ms, found 3 plugins.
Preloading 0 native plugins for Editor in 0.00 ms.
Mono: successfully reloaded assembly
- Completed reload, in  1.848 seconds
Platform modules already initialized, skipping
Refreshing native plugins compatible for Editor in 0.72 ms, found 3 plugins.
Preloading 0 native plugins for Editor in 0.00 ms.
Unloading 2374 Unused Serialized files (Serialized files now loaded: 0)
System memory in use before: 108.1 MB.
System memory in use after: 108.2 MB.

Unloading 21 unused Assets to reduce memory usage. Loaded Objects now: 3013.
Total: 3.617727 ms (FindLiveObjects: 0.301576 ms CreateObjectMapping: 0.142893 ms MarkObjects: 2.999575 ms  DeleteObjects: 0.172104 ms)

========================================================================
Received Prepare
Registering precompiled user dll's ...
Registered in 0.004265 seconds.
Begin MonoManager ReloadAssembly
Native extension for WindowsStandalone target not found
Refreshing native plugins compatible for Editor in 1.03 ms, found 3 plugins.
Preloading 0 native plugins for Editor in 0.00 ms.
Mono: successfully reloaded assembly
- Completed reload, in  2.140 seconds
Platform modules already initialized, skipping
Refreshing native plugins compatible for Editor in 1.44 ms, found 3 plugins.
Preloading 0 native plugins for Editor in 0.00 ms.
Unloading 2374 Unused Serialized files (Serialized files now loaded: 0)
System memory in use before: 108.0 MB.
System memory in use after: 108.1 MB.

Unloading 21 unused Assets to reduce memory usage. Loaded Objects now: 3017.
Total: 4.863898 ms (FindLiveObjects: 0.316970 ms CreateObjectMapping: 0.154341 ms MarkObjects: 4.123774 ms  DeleteObjects: 0.266839 ms)

========================================================================
Received Prepare
Registering precompiled user dll's ...
Registered in 0.003864 seconds.
Begin MonoManager ReloadAssembly
Native extension for WindowsStandalone target not found
Refreshing native plugins compatible for Editor in 3.20 ms, found 3 plugins.
Preloading 0 native plugins for Editor in 0.00 ms.
Mono: successfully reloaded assembly
- Completed reload, in  1.876 seconds
Platform modules already initialized, skipping
Refreshing native plugins compatible for Editor in 0.69 ms, found 3 plugins.
Preloading 0 native plugins for Editor in 0.00 ms.
Unloading 2374 Unused Serialized files (Serialized files now loaded: 0)
System memory in use before: 108.1 MB.
System memory in use after: 108.2 MB.

Unloading 21 unused Assets to reduce memory usage. Loaded Objects now: 3021.
Total: 3.526148 ms (FindLiveObjects: 0.288155 ms CreateObjectMapping: 0.127104 ms MarkObjects: 2.947865 ms  DeleteObjects: 0.161051 ms)

========================================================================
Received Prepare
Registering precompiled user dll's ...
Registered in 0.004280 seconds.
Begin MonoManager ReloadAssembly
Native extension for WindowsStandalone target not found
Refreshing native plugins compatible for Editor in 0.73 ms, found 3 plugins.
Preloading 0 native plugins for Editor in 0.00 ms.
Mono: successfully reloaded assembly
- Completed reload, in  2.085 seconds
Platform modules already initialized, skipping
Refreshing native plugins compatible for Editor in 0.75 ms, found 3 plugins.
Preloading 0 native plugins for Editor in 0.00 ms.
Unloading 2374 Unused Serialized files (Serialized files now loaded: 0)
System memory in use before: 108.1 MB.
System memory in use after: 108.2 MB.

Unloading 21 unused Assets to reduce memory usage. Loaded Objects now: 3025.
Total: 5.107448 ms (FindLiveObjects: 0.487100 ms CreateObjectMapping: 0.156314 ms MarkObjects: 4.141537 ms  DeleteObjects: 0.319339 ms)

========================================================================
Received Prepare
Registering precompiled user dll's ...
Registered in 0.004175 seconds.
Begin MonoManager ReloadAssembly
Native extension for WindowsStandalone target not found
Refreshing native plugins compatible for Editor in 1.16 ms, found 3 plugins.
Preloading 0 native plugins for Editor in 0.00 ms.
Mono: successfully reloaded assembly
- Completed reload, in  1.926 seconds
Platform modules already initialized, skipping
Refreshing native plugins compatible for Editor in 0.72 ms, found 3 plugins.
Preloading 0 native plugins for Editor in 0.00 ms.
Unloading 2374 Unused Serialized files (Serialized files now loaded: 0)
System memory in use before: 108.2 MB.
System memory in use after: 108.2 MB.

Unloading 21 unused Assets to reduce memory usage. Loaded Objects now: 3029.
Total: 3.772857 ms (FindLiveObjects: 0.310655 ms CreateObjectMapping: 0.143683 ms MarkObjects: 3.146415 ms  DeleteObjects: 0.170130 ms)

========================================================================
Received Prepare
Registering precompiled user dll's ...
Registered in 0.004645 seconds.
Begin MonoManager ReloadAssembly
Native extension for WindowsStandalone target not found
Refreshing native plugins compatible for Editor in 0.76 ms, found 3 plugins.
Preloading 0 native plugins for Editor in 0.00 ms.
Mono: successfully reloaded assembly
- Completed reload, in  2.696 seconds
Platform modules already initialized, skipping
Refreshing native plugins compatible for Editor in 1.20 ms, found 3 plugins.
Preloading 0 native plugins for Editor in 0.00 ms.
Unloading 2374 Unused Serialized files (Serialized files now loaded: 0)
System memory in use before: 108.2 MB.
System memory in use after: 108.2 MB.

Unloading 21 unused Assets to reduce memory usage. Loaded Objects now: 3033.
Total: 5.539286 ms (FindLiveObjects: 0.663546 ms CreateObjectMapping: 0.537626 ms MarkObjects: 4.154563 ms  DeleteObjects: 0.180393 ms)

========================================================================
Received Prepare
Registering precompiled user dll's ...
Registered in 0.005483 seconds.
Begin MonoManager ReloadAssembly
Native extension for WindowsStandalone target not found
Refreshing native plugins compatible for Editor in 0.75 ms, found 3 plugins.
Preloading 0 native plugins for Editor in 0.00 ms.
Mono: successfully reloaded assembly
- Completed reload, in  2.749 seconds
Platform modules already initialized, skipping
Refreshing native plugins compatible for Editor in 1.54 ms, found 3 plugins.
Preloading 0 native plugins for Editor in 0.00 ms.
Unloading 2374 Unused Serialized files (Serialized files now loaded: 0)
System memory in use before: 108.1 MB.
System memory in use after: 108.2 MB.

Unloading 21 unused Assets to reduce memory usage. Loaded Objects now: 3037.
Total: 7.160849 ms (FindLiveObjects: 0.399864 ms CreateObjectMapping: 0.223024 ms MarkObjects: 6.027571 ms  DeleteObjects: 0.507626 ms)

========================================================================
Received Prepare
Registering precompiled user dll's ...
Registered in 0.004198 seconds.
Begin MonoManager ReloadAssembly
Native extension for WindowsStandalone target not found
Refreshing native plugins compatible for Editor in 1.18 ms, found 3 plugins.
Preloading 0 native plugins for Editor in 0.00 ms.
Mono: successfully reloaded assembly
- Completed reload, in  2.733 seconds
Platform modules already initialized, skipping
Refreshing native plugins compatible for Editor in 1.19 ms, found 3 plugins.
Preloading 0 native plugins for Editor in 0.00 ms.
Unloading 2374 Unused Serialized files (Serialized files now loaded: 0)
System memory in use before: 108.2 MB.
System memory in use after: 108.3 MB.

Unloading 21 unused Assets to reduce memory usage. Loaded Objects now: 3041.
Total: 4.104037 ms (FindLiveObjects: 0.495784 ms CreateObjectMapping: 0.157104 ms MarkObjects: 3.270756 ms  DeleteObjects: 0.178025 ms)

========================================================================
Received Prepare
Registering precompiled user dll's ...
Registered in 0.007965 seconds.
Begin MonoManager ReloadAssembly
Native extension for WindowsStandalone target not found
Refreshing native plugins compatible for Editor in 1.26 ms, found 3 plugins.
Preloading 0 native plugins for Editor in 0.00 ms.
Mono: successfully reloaded assembly
- Completed reload, in  2.670 seconds
Platform modules already initialized, skipping
Refreshing native plugins compatible for Editor in 1.21 ms, found 3 plugins.
Preloading 0 native plugins for Editor in 0.00 ms.
Unloading 2374 Unused Serialized files (Serialized files now loaded: 0)
System memory in use before: 108.2 MB.
System memory in use after: 108.3 MB.

Unloading 21 unused Assets to reduce memory usage. Loaded Objects now: 3045.
Total: 6.881772 ms (FindLiveObjects: 1.194462 ms CreateObjectMapping: 0.546705 ms MarkObjects: 4.880082 ms  DeleteObjects: 0.255787 ms)

========================================================================
Received Prepare
Registering precompiled user dll's ...
Registered in 0.004609 seconds.
Begin MonoManager ReloadAssembly
Native extension for WindowsStandalone target not found
Refreshing native plugins compatible for Editor in 0.73 ms, found 3 plugins.
Preloading 0 native plugins for Editor in 0.00 ms.
Mono: successfully reloaded assembly
- Completed reload, in  1.872 seconds
Platform modules already initialized, skipping
Refreshing native plugins compatible for Editor in 0.79 ms, found 3 plugins.
Preloading 0 native plugins for Editor in 0.00 ms.
Unloading 2374 Unused Serialized files (Serialized files now loaded: 0)
System memory in use before: 108.2 MB.
System memory in use after: 108.3 MB.

Unloading 21 unused Assets to reduce memory usage. Loaded Objects now: 3049.
Total: 13.955385 ms (FindLiveObjects: 0.894859 ms CreateObjectMapping: 0.289339 ms MarkObjects: 12.460137 ms  DeleteObjects: 0.307892 ms)

========================================================================
Received Prepare
Registering precompiled user dll's ...
Registered in 0.006673 seconds.
Begin MonoManager ReloadAssembly
Native extension for WindowsStandalone target not found
Refreshing native plugins compatible for Editor in 1.18 ms, found 3 plugins.
Preloading 0 native plugins for Editor in 0.00 ms.
Mono: successfully reloaded assembly
- Completed reload, in  2.836 seconds
Platform modules already initialized, skipping
Refreshing native plugins compatible for Editor in 1.89 ms, found 3 plugins.
Preloading 0 native plugins for Editor in 0.00 ms.
Unloading 2374 Unused Serialized files (Serialized files now loaded: 0)
System memory in use before: 108.2 MB.
System memory in use after: 108.3 MB.

Unloading 21 unused Assets to reduce memory usage. Loaded Objects now: 3053.
Total: 9.880558 ms (FindLiveObjects: 1.188541 ms CreateObjectMapping: 0.514732 ms MarkObjects: 7.926630 ms  DeleteObjects: 0.247497 ms)

========================================================================
Received Prepare
Registering precompiled user dll's ...
Registered in 0.011209 seconds.
Begin MonoManager ReloadAssembly
Native extension for WindowsStandalone target not found
Refreshing native plugins compatible for Editor in 0.75 ms, found 3 plugins.
Preloading 0 native plugins for Editor in 0.00 ms.
Mono: successfully reloaded assembly
- Completed reload, in  2.392 seconds
Platform modules already initialized, skipping
Refreshing native plugins compatible for Editor in 1.61 ms, found 3 plugins.
Preloading 0 native plugins for Editor in 0.00 ms.
Unloading 2374 Unused Serialized files (Serialized files now loaded: 0)
System memory in use before: 108.1 MB.
System memory in use after: 108.2 MB.

Unloading 21 unused Assets to reduce memory usage. Loaded Objects now: 3057.
Total: 8.211627 ms (FindLiveObjects: 0.838018 ms CreateObjectMapping: 0.297234 ms MarkObjects: 6.551381 ms  DeleteObjects: 0.519468 ms)

========================================================================
Received Prepare
Registering precompiled user dll's ...
Registered in 0.009449 seconds.
Begin MonoManager ReloadAssembly
Native extension for WindowsStandalone target not found
Refreshing native plugins compatible for Editor in 0.74 ms, found 3 plugins.
Preloading 0 native plugins for Editor in 0.00 ms.
Mono: successfully reloaded assembly
- Completed reload, in  2.384 seconds
Platform modules already initialized, skipping
Refreshing native plugins compatible for Editor in 0.74 ms, found 3 plugins.
Preloading 0 native plugins for Editor in 0.00 ms.
Unloading 2374 Unused Serialized files (Serialized files now loaded: 0)
System memory in use before: 108.2 MB.
System memory in use after: 108.3 MB.

Unloading 21 unused Assets to reduce memory usage. Loaded Objects now: 3061.
Total: 6.572302 ms (FindLiveObjects: 0.545916 ms CreateObjectMapping: 0.171314 ms MarkObjects: 5.605996 ms  DeleteObjects: 0.245919 ms)

AssetImportWorkerClient::OnTransportError - code=2 error=End of file
